1	there	there	EX	EX	-	2	SUB	-	-
2	is	is	VBZ	VBZ	-	0	ROOT	-	-
3	a	a	DT	DT	-	5	NMOD	-	-
4	great	great	JJ	JJ	-	5	NMOD	-	-
5	chance	chance	NN	NN	-	2	PRD	-	-
6	that	that	IN	IN	-	5	NMOD	-	-
7	nuclear	nuclear	JJ	JJ	-	8	NMOD	-	-
8	power	power	NN	NN	-	9	SUB	-	-
9	will	will	MD	MD	-	6	SBAR	-	-
10	damage	damage	VB	VB	-	9	VC	-	-
11	the	the	DT	DT	-	12	NMOD	-	-
12	environment	environment	NN	NN	-	10	OBJ	-	-
13	.	.	.	.	-	2	P	-	-

1	churches	churches	NNS	NNS	-	2	SUB	-	-
2	are	are	VBP	VBP	-	0	ROOT	-	-
3	great	great	JJ	JJ	-	2	PRD	-	-
4	for	for	IN	IN	-	3	AMOD	-	-
5	people	people	NNS	NNS	-	6	NMOD	-	-
6	's	's	POS	POS	-	7	NMOD	-	-
7	moral	moral	JJ	JJ	-	4	PMOD	-	-
8	.	.	.	.	-	2	P	-	-

1	the	the	DT	DT	-	3	NMOD	-	-
2	mideast	mideast	NNP	NNP	-	3	NMOD	-	-
3	war	war	NNP	NNP	-	4	SUB	-	-
4	will	will	MD	MD	-	0	ROOT	-	-
5	affect	affect	VB	VB	-	4	VC	-	-
6	negotiations	negotiations	NNS	NNS	-	5	OBJ	-	-
7	in	in	IN	IN	-	6	NMOD	-	-
8	ways	ways	NNS	NNS	-	7	PMOD	-	-
9	not	not	RB	RB	-	11	VMOD	-	-
10	yet	yet	RB	RB	-	9	AMOD	-	-
11	foreseen	foreseen	VBN	VBN	-	8	NMOD	-	-
12	.	.	.	.	-	4	P	-	-

1	as	as	IN	IN	-	13	VMOD	-	-
2	a	a	DT	DT	-	3	NMOD	-	-
3	result	result	NN	NN	-	1	PMOD	-	-
4	of	of	IN	IN	-	3	NMOD	-	-
5	the	the	DT	DT	-	6	NMOD	-	-
6	war	war	NN	NN	-	4	PMOD	-	-
7	,	,	,	,	-	13	P	-	-
8	a	a	DT	DT	-	10	NMOD	-	-
9	growing	growing	VBG	VBG	-	10	NMOD	-	-
10	percentage	percentage	NN	NN	-	13	SUB	-	-
11	of	of	IN	IN	-	10	NMOD	-	-
12	muslims	muslims	NNP	NNP	-	11	PMOD	-	-
13	see	see	VBP	VBP	-	0	ROOT	-	-
14	serious	serious	JJ	JJ	-	15	NMOD	-	-
15	threats	threats	NNS	NNS	-	13	OBJ	-	-
16	to	to	TO	TO	-	15	NMOD	-	-
17	islam	islam	NNP	NNP	-	16	PMOD	-	-
18	.	.	.	.	-	13	P	-	-

1	the	the	DT	DT	-	2	NMOD	-	-
2	bulk	bulk	NN	NN	-	6	SUB	-	-
3	of	of	IN	IN	-	2	NMOD	-	-
4	the	the	DT	DT	-	5	NMOD	-	-
5	cancer	cancer	NN	NN	-	3	PMOD	-	-
6	had	had	VBD	VBD	-	0	ROOT	-	-
7	been	been	VBN	VBN	-	6	VC	-	-
8	caused	caused	VBN	VBN	-	7	VC	-	-
9	by	by	IN	IN	-	8	VMOD	-	-
10	smoking	smoking	NN	NN	-	11	NMOD	-	-
11	cigarettes	cigarettes	NNS	NNS	-	9	PMOD	-	-
12	.	.	.	.	-	6	P	-	-

1	we	we	PRP	PRP	-	2	SUB	-	-
2	can	can	MD	MD	-	0	ROOT	-	-
3	be	be	VB	VB	-	2	VC	-	-
4	proud	proud	JJ	JJ	-	3	PRD	-	-
5	of	of	IN	IN	-	4	AMOD	-	-
6	the	the	DT	DT	-	8	NMOD	-	-
7	increased	increased	JJ	JJ	-	8	NMOD	-	-
8	funding	funding	NN	NN	-	5	PMOD	-	-
9	for	for	IN	IN	-	8	NMOD	-	-
10	wic	wic	NNP	NNP	-	9	PMOD	-	-
11	in	in	IN	IN	-	8	NMOD	-	-
12	this	this	DT	DT	-	13	NMOD	-	-
13	bill	bill	NN	NN	-	11	PMOD	-	-
14	,	,	,	,	-	3	P	-	-
15	funding	funding	VBG	VBG	-	3	VMOD	-	-
16	that	that	WDT	WDT	-	15	VMOD	-	-
17	will	will	MD	MD	-	16	SBAR	-	-
18	help	help	VB	VB	-	17	VC	-	-
19	low-income	low-income	JJ	JJ	-	23	NMOD	-	-
20	pregnant	pregnant	JJ	JJ	-	23	NMOD	-	-
21	mothers	mothers	NNS	NNS	-	23	NMOD	-	-
22	and	and	CC	CC	-	23	NMOD	-	-
23	newborns	newborns	NNS	NNS	-	24	SUB	-	-
24	receive	receive	VBP	VBP	-	18	VMOD	-	-
25	the	the	DT	DT	-	27	NMOD	-	-
26	healthy	healthy	JJ	JJ	-	27	NMOD	-	-
27	food	food	NN	NN	-	24	OBJ	-	-
28	that	that	IN	IN	-	27	NMOD	-	-
29	they	they	PRP	PRP	-	30	SUB	-	-
30	need	need	VBP	VBP	-	28	SBAR	-	-
31	.	.	.	.	-	2	P	-	-

1	i	i	PRP	PRP	-	2	SUB	-	-
2	think	think	VBP	VBP	-	0	ROOT	-	-
3	that	that	IN	IN	-	2	VMOD	-	-
4	earthquakes	earthquakes	NNS	NNS	-	5	SUB	-	-
5	are	are	VBP	VBP	-	3	SBAR	-	-
6	likely	likely	JJ	JJ	-	5	PRD	-	-
7	to	to	TO	TO	-	8	VMOD	-	-
8	harm	harm	VB	VB	-	6	AMOD	-	-
9	important	important	JJ	JJ	-	10	NMOD	-	-
10	infra-structure	infra-structure	NN	NN	-	8	OBJ	-	-
11	.	.	.	.	-	2	P	-	-

1	the	the	DT	DT	-	2	NMOD	-	-
2	co2	co2	NN	NN	-	5	SUB	-	-
3	from	from	IN	IN	-	2	NMOD	-	-
4	cars	cars	NNS	NNS	-	3	PMOD	-	-
5	is	is	VBZ	VBZ	-	0	ROOT	-	-
6	harming	harming	VBG	VBG	-	5	VC	-	-
7	the	the	DT	DT	-	8	NMOD	-	-
8	climate	climate	NN	NN	-	6	OBJ	-	-
9	.	.	.	.	-	5	P	-	-

1	nuclear	nuclear	JJ	JJ	-	2	NMOD	-	-
2	proliferation	proliferation	NN	NN	-	4	SUB	-	-
3	likely	likely	RB	RB	-	4	VMOD	-	-
4	weakens	weakens	VBZ	VBZ	-	0	ROOT	-	-
5	world	world	NN	NN	-	6	NMOD	-	-
6	peace	peace	NN	NN	-	4	OBJ	-	-
7	.	.	.	.	-	4	P	-	-

1	we	we	PRP	PRP	-	2	SUB	-	-
2	are	are	VBP	VBP	-	9	VMOD	-	-
3	giving	giving	VBG	VBG	-	2	VC	-	-
4	tax	tax	NN	NN	-	5	NMOD	-	-
5	cuts	cuts	NNS	NNS	-	3	OBJ	-	-
6	,	,	,	,	-	9	P	-	-
7	and	and	CC	CC	-	9	VMOD	-	-
8	that	that	DT	DT	-	9	SUB	-	-
9	does	does	VBZ	VBZ	-	0	ROOT	-	-
10	increase	increase	VB	VB	-	9	VC	-	-
11	the	the	DT	DT	-	12	NMOD	-	-
12	deficit	deficit	NN	NN	-	10	OBJ	-	-
13	.	.	.	.	-	9	P	-	-

1	there	there	EX	EX	-	2	SUB	-	-
2	is	is	VBZ	VBZ	-	0	ROOT	-	-
3	a	a	DT	DT	-	5	NMOD	-	-
4	great	great	JJ	JJ	-	5	NMOD	-	-
5	possibility	possibility	NN	NN	-	2	PRD	-	-
6	that	that	IN	IN	-	5	NMOD	-	-
7	the	the	DT	DT	-	9	NMOD	-	-
8	occupy	occupy	NNP	NNP	-	9	NMOD	-	-
9	movement	movement	NNP	NNP	-	10	SUB	-	-
10	will	will	MD	MD	-	6	SBAR	-	-
11	foster	foster	VB	VB	-	10	VC	-	-
12	a	a	DT	DT	-	14	NMOD	-	-
13	greater	greater	JJR	JJR	-	14	NMOD	-	-
14	interest	interest	NN	NN	-	11	OBJ	-	-
15	in	in	IN	IN	-	14	NMOD	-	-
16	the	the	DT	DT	-	18	NMOD	-	-
17	middle	middle	JJ	JJ	-	18	NMOD	-	-
18	class	class	NN	NN	-	15	PMOD	-	-
19	.	.	.	.	-	2	P	-	-

1	russian	russian	JJ	JJ	-	2	NMOD	-	-
2	shipment	shipment	NN	NN	-	7	SUB	-	-
3	of	of	IN	IN	-	2	NMOD	-	-
4	arms	arms	NNS	NNS	-	3	PMOD	-	-
5	to	to	TO	TO	-	4	NMOD	-	-
6	portugal	portugal	NNP	NNP	-	5	PMOD	-	-
7	is	is	VBZ	VBZ	-	0	ROOT	-	-
8	apt	apt	JJ	JJ	-	7	PRD	-	-
9	to	to	TO	TO	-	10	VMOD	-	-
10	increase	increase	VB	VB	-	8	AMOD	-	-
11	the	the	DT	DT	-	12	NMOD	-	-
12	chance	chance	NN	NN	-	10	OBJ	-	-
13	of	of	IN	IN	-	12	NMOD	-	-
14	war	war	NN	NN	-	13	PMOD	-	-
15	on	on	IN	IN	-	14	NMOD	-	-
16	the	the	DT	DT	-	18	NMOD	-	-
17	iberian	iberian	JJ	JJ	-	18	NMOD	-	-
18	peninsula	peninsula	NN	NN	-	15	PMOD	-	-
19	.	.	.	.	-	7	P	-	-

1	violent	violent	JJ	JJ	-	2	NMOD	-	-
2	picketing	picketing	NN	NN	-	3	SUB	-	-
3	can	can	MD	MD	-	0	ROOT	-	-
4	not	not	RB	RB	-	3	VMOD	-	-
5	be	be	VB	VB	-	3	VC	-	-
6	beneficial	beneficial	JJ	JJ	-	5	PRD	-	-
7	to	to	TO	TO	-	6	AMOD	-	-
8	the	the	DT	DT	-	9	NMOD	-	-
9	negotiations	negotiations	NNS	NNS	-	7	PMOD	-	-
10	.	.	.	.	-	3	P	-	-

1	we	we	PRP	PRP	-	2	SUB	-	-
2	can	can	MD	MD	-	0	ROOT	-	-
3	be	be	VB	VB	-	2	VC	-	-
4	sure	sure	JJ	JJ	-	3	PRD	-	-
5	that	that	IN	IN	-	4	AMOD	-	-
6	adoption	adoption	NN	NN	-	11	SUB	-	-
7	of	of	IN	IN	-	6	NMOD	-	-
8	the	the	DT	DT	-	10	NMOD	-	-
9	new	new	JJ	JJ	-	10	NMOD	-	-
10	rules	rules	NNS	NNS	-	7	PMOD	-	-
11	will	will	MD	MD	-	5	SBAR	-	-
12	affect	affect	VB	VB	-	11	VC	-	-
13	the	the	DT	DT	-	14	NMOD	-	-
14	outcome	outcome	NN	NN	-	12	OBJ	-	-
15	of	of	IN	IN	-	14	NMOD	-	-
16	the	the	DT	DT	-	17	NMOD	-	-
17	meeting	meeting	NN	NN	-	15	PMOD	-	-
18	;	;	:	:	-	25	P	-	-
19	whether	whether	IN	IN	-	25	SUB	-	-
20	it	it	PRP	PRP	-	21	SUB	-	-
21	is	is	VBZ	VBZ	-	19	SBAR	-	-
22	good	good	JJ	JJ	-	24	AMOD	-	-
23	or	or	CC	CC	-	24	AMOD	-	-
24	bad	bad	JJ	JJ	-	21	PRD	-	-
25	is	is	VBZ	VBZ	-	17	NMOD	-	-
26	not	not	RB	RB	-	25	VMOD	-	-
27	known	known	VBN	VBN	-	25	VC	-	-
28	.	.	.	.	-	2	P	-	-

1	these	these	DT	DT	-	4	NMOD	-	-
2	new	new	JJ	JJ	-	4	NMOD	-	-
3	tariff	tariff	NN	NN	-	4	NMOD	-	-
4	laws	laws	NNS	NNS	-	5	SUB	-	-
5	will	will	MD	MD	-	0	ROOT	-	-
6	have	have	VB	VB	-	5	VC	-	-
7	no	no	DT	DT	-	8	NMOD	-	-
8	effect	effect	NN	NN	-	6	OBJ	-	-
9	on	on	IN	IN	-	8	NMOD	-	-
10	the	the	DT	DT	-	12	NMOD	-	-
11	american	american	JJ	JJ	-	12	NMOD	-	-
12	economy	economy	NN	NN	-	9	PMOD	-	-
13	.	.	.	.	-	5	P	-	-

1	our	our	PRP$	PRP$	-	3	NMOD	-	-
2	present	present	JJ	JJ	-	3	NMOD	-	-
3	topic	topic	NN	NN	-	4	SUB	-	-
4	is	is	VBZ	VBZ	-	0	ROOT	-	-
5	the	the	DT	DT	-	6	NMOD	-	-
6	militarism	militarism	NN	NN	-	4	PRD	-	-
7	of	of	IN	IN	-	6	NMOD	-	-
8	germany	germany	NNP	NNP	-	7	PMOD	-	-
9	,	,	,	,	-	8	P	-	-
10	which	which	WDT	WDT	-	8	NMOD	-	-
11	is	is	VBZ	VBZ	-	10	SBAR	-	-
12	maintaining	maintaining	VBG	VBG	-	11	VC	-	-
13	a	a	DT	DT	-	14	NMOD	-	-
14	state	state	NN	NN	-	12	OBJ	-	-
15	of	of	IN	IN	-	14	NMOD	-	-
16	tension	tension	NN	NN	-	15	PMOD	-	-
17	in	in	IN	IN	-	12	VMOD	-	-
18	the	the	DT	DT	-	20	NMOD	-	-
19	baltic	baltic	NNP	NNP	-	20	NMOD	-	-
20	area	area	NNP	NNP	-	17	PMOD	-	-
21	.	.	.	.	-	4	P	-	-

1	the	the	DT	DT	-	2	NMOD	-	-
2	development	development	NN	NN	-	12	SUB	-	-
3	of	of	IN	IN	-	2	NMOD	-	-
4	international	international	JJ	JJ	-	5	NMOD	-	-
5	cooperation	cooperation	NN	NN	-	3	PMOD	-	-
6	in	in	IN	IN	-	5	NMOD	-	-
7	all	all	DT	DT	-	8	NMOD	-	-
8	fields	fields	NNS	NNS	-	6	PMOD	-	-
9	across	across	IN	IN	-	8	NMOD	-	-
10	ideological	ideological	JJ	JJ	-	11	NMOD	-	-
11	frontiers	frontiers	NNS	NNS	-	9	PMOD	-	-
12	will	will	MD	MD	-	0	ROOT	-	-
13	gradually	gradually	RB	RB	-	14	VMOD	-	-
14	remove	remove	VB	VB	-	12	VC	-	-
15	the	the	DT	DT	-	18	NMOD	-	-
16	hostility	hostility	NN	NN	-	18	NMOD	-	-
17	and	and	CC	CC	-	18	NMOD	-	-
18	fear	fear	NN	NN	-	14	OBJ	-	-
19	that	that	IN	IN	-	18	NMOD	-	-
20	poison	poison	JJ	JJ	-	22	NMOD	-	-
21	international	international	JJ	JJ	-	22	NMOD	-	-
22	relations	relations	NNS	NNS	-	19	PMOD	-	-
23	.	.	.	.	-	12	P	-	-

1	we	we	PRP	PRP	-	2	SUB	-	-
2	note	note	VBP	VBP	-	0	ROOT	-	-
3	the	the	DT	DT	-	4	NMOD	-	-
4	success	success	NN	NN	-	2	OBJ	-	-
5	we	we	PRP	PRP	-	6	SUB	-	-
6	have	have	VBP	VBP	-	4	NMOD	-	-
7	achieved	achieved	VBN	VBN	-	6	VC	-	-
8	in	in	IN	IN	-	7	VMOD	-	-
9	our	our	PRP$	PRP$	-	10	NMOD	-	-
10	endeavors	endeavors	NNS	NNS	-	8	PMOD	-	-
11	to	to	TO	TO	-	12	VMOD	-	-
12	safeguard	safeguard	VB	VB	-	7	VMOD	-	-
13	finland	finland	NNP	NNP	-	14	NMOD	-	-
14	's	's	POS	POS	-	15	NMOD	-	-
15	security	security	NN	NN	-	12	OBJ	-	-
16	,	,	,	,	-	12	P	-	-
17	not	not	RB	RB	-	12	VMOD	-	-
18	by	by	IN	IN	-	17	PMOD	-	-
19	the	the	DT	DT	-	21	NMOD	-	-
20	dangerous	dangerous	JJ	JJ	-	21	NMOD	-	-
21	expedient	expedient	NN	NN	-	18	PMOD	-	-
22	of	of	IN	IN	-	21	NMOD	-	-
23	relying	relying	VBG	VBG	-	22	PMOD	-	-
24	on	on	IN	IN	-	23	VMOD	-	-
25	military	military	JJ	JJ	-	26	NMOD	-	-
26	means	means	NNS	NNS	-	24	PMOD	-	-
27	,	,	,	,	-	17	P	-	-
28	but	but	CC	CC	-	17	PMOD	-	-
29	by	by	IN	IN	-	17	PMOD	-	-
30	gaining	gaining	VBG	VBG	-	29	PMOD	-	-
31	the	the	DT	DT	-	32	NMOD	-	-
32	confidence	confidence	NN	NN	-	30	OBJ	-	-
33	of	of	IN	IN	-	32	NMOD	-	-
34	the	the	DT	DT	-	36	NMOD	-	-
35	great	great	JJ	JJ	-	36	NMOD	-	-
36	power	power	NN	NN	-	33	PMOD	-	-
37	which	which	WDT	WDT	-	36	NMOD	-	-
38	is	is	VBZ	VBZ	-	37	SBAR	-	-
39	our	our	PRP$	PRP$	-	40	NMOD	-	-
40	neighbor	neighbor	NN	NN	-	38	PRD	-	-
41	,	,	,	,	-	36	P	-	-
42	by	by	IN	IN	-	30	VMOD	-	-
43	maintaining	maintaining	VBG	VBG	-	42	PMOD	-	-
44	friendly	friendly	JJ	JJ	-	45	NMOD	-	-
45	relations	relations	NNS	NNS	-	43	OBJ	-	-
46	with	with	IN	IN	-	43	VMOD	-	-
47	all	all	DT	DT	-	48	NMOD	-	-
48	countries	countries	NNS	NNS	-	46	PMOD	-	-
49	near	near	RB	RB	-	48	NMOD	-	-
50	and	and	CC	CC	-	49	AMOD	-	-
51	far	far	RB	RB	-	49	AMOD	-	-
52	,	,	,	,	-	43	P	-	-
53	by	by	IN	IN	-	43	VMOD	-	-
54	dissociating	dissociating	VBG	VBG	-	53	PMOD	-	-
55	ourselves	ourselves	PRP	PRP	-	54	OBJ	-	-
56	from	from	IN	IN	-	54	VMOD	-	-
57	the	the	DT	DT	-	58	NMOD	-	-
58	conflicts	conflicts	NNS	NNS	-	56	PMOD	-	-
59	of	of	IN	IN	-	58	NMOD	-	-
60	interests	interests	NNS	NNS	-	62	NMOD	-	-
61	and	and	CC	CC	-	62	NMOD	-	-
62	tensions	tensions	NNS	NNS	-	59	PMOD	-	-
63	between	between	IN	IN	-	62	NMOD	-	-
64	others	others	NNS	NNS	-	63	PMOD	-	-
65	and	and	CC	CC	-	53	PMOD	-	-
66	by	by	IN	IN	-	53	PMOD	-	-
67	adhering	adhering	VBG	VBG	-	66	PMOD	-	-
68	faithfully	faithfully	RB	RB	-	67	VMOD	-	-
69	to	to	TO	TO	-	67	VMOD	-	-
70	all	all	DT	DT	-	71	NMOD	-	-
71	obligations	obligations	NNS	NNS	-	69	PMOD	-	-
72	undertaken	undertaken	VBN	VBN	-	71	NMOD	-	-
73	.	.	.	.	-	2	P	-	-

