1	partly	partly	RB	RB	-	3	VMOD	-	-
2	it	it	PRP	PRP	-	3	SUB	-	-
3	came	came	VBD	VBD	-	0	ROOT	-	-
4	no	no	DT	DT	-	5	NMOD	-	-
5	doubt	doubt	NN	NN	-	3	OBJ	-	-
6	from	from	IN	IN	-	3	VMOD	-	-
7	his	his	PRP$	PRP$	-	10	NMOD	-	-
8	own	own	JJ	JJ	-	10	NMOD	-	-
9	masterful	masterful	JJ	JJ	-	10	NMOD	-	-
10	nature	nature	NN	NN	-	6	PMOD	-	-
11	,	,	,	,	-	10	P	-	-
12	which	which	WDT	WDT	-	10	NMOD	-	-
13	loved	loved	VBD	VBD	-	12	SBAR	-	-
14	to	to	TO	TO	-	15	VMOD	-	-
15	dominate	dominate	VB	VB	-	13	VMOD	-	-
16	and	and	CC	CC	-	15	VMOD	-	-
17	surprise	surprise	VB	VB	-	15	VMOD	-	-
18	those	those	DT	DT	-	17	OBJ	-	-
19	who	who	WP	WP	-	18	NMOD	-	-
20	were	were	VBD	VBD	-	19	SBAR	-	-
21	around	around	RB	RB	-	20	VMOD	-	-
22	him.	him.	.	.	-	3	P	-	-

