1	there	there	EX	EX	-	2	SUB	-	-
2	is	is	VBZ	VBZ	-	0	ROOT	-	-
3	a	a	DT	DT	-	5	NMOD	-	-
4	great	great	JJ	JJ	-	5	NMOD	-	-
5	chance	chance	NN	NN	-	2	PRD	-	-
6	that	that	IN	IN	-	5	NMOD	-	-
7	nuclear	nuclear	JJ	JJ	-	8	NMOD	-	-
8	power	power	NN	NN	-	9	SUB	-	-
9	will	will	MD	MD	-	6	SBAR	-	-
10	damage	damage	VB	VB	-	9	VC	-	-
11	the	the	DT	DT	-	12	NMOD	-	-
12	environment	environment	NN	NN	-	10	OBJ	-	-
13	.	.	.	.	-	2	P	-	-

1	churches	churches	NNS	NNS	-	2	SUB	-	-
2	are	are	VBP	VBP	-	0	ROOT	-	-
3	great	great	JJ	JJ	-	2	PRD	-	-
4	for	for	IN	IN	-	3	AMOD	-	-
5	people	people	NNS	NNS	-	6	NMOD	-	-
6	's	's	POS	POS	-	7	NMOD	-	-
7	moral	moral	JJ	JJ	-	4	PMOD	-	-
8	.	.	.	.	-	2	P	-	-

1	the	the	DT	DT	-	3	NMOD	-	-
2	mideast	mideast	NNP	NNP	-	3	NMOD	-	-
3	war	war	NNP	NNP	-	4	SUB	-	-
4	will	will	MD	MD	-	0	ROOT	-	-
5	affect	affect	VB	VB	-	4	VC	-	-
6	negotiations	negotiations	NNS	NNS	-	5	OBJ	-	-
7	in	in	IN	IN	-	6	NMOD	-	-
8	ways	ways	NNS	NNS	-	7	PMOD	-	-
9	not	not	RB	RB	-	11	VMOD	-	-
10	yet	yet	RB	RB	-	9	AMOD	-	-
11	forseen	forseen	VBN	VBN	-	8	NMOD	-	-
12	.	.	.	.	-	4	P	-	-

