1	there	there	EX	EX	-	2	SUB	-	-
2	is	is	VBZ	VBZ	-	0	ROOT	-	-
3	a	a	DT	DT	-	5	NMOD	-	-
4	great	great	JJ	JJ	-	5	NMOD	-	-
5	chance	chance	NN	NN	-	2	PRD	-	-
6	that	that	IN	IN	-	5	NMOD	-	-
7	nuclear	nuclear	JJ	JJ	-	8	NMOD	-	-
8	power	power	NN	NN	-	9	SUB	-	-
9	will	will	MD	MD	-	6	SBAR	-	-
10	damage	damage	VB	VB	-	9	VC	-	-
11	the	the	DT	DT	-	12	NMOD	-	-
12	environment	environment	NN	NN	-	10	OBJ	-	-
13	.	.	.	.	-	2	P	-	-

1	churches	churches	NNS	NNS	-	2	SUB	-	-
2	are	are	VBP	VBP	-	0	ROOT	-	-
3	great	great	JJ	JJ	-	2	PRD	-	-
4	for	for	IN	IN	-	3	AMOD	-	-
5	people	people	NNS	NNS	-	6	NMOD	-	-
6	's	's	POS	POS	-	7	NMOD	-	-
7	moral	moral	JJ	JJ	-	4	PMOD	-	-
8	.	.	.	.	-	2	P	-	-

1	the	the	DT	DT	-	3	NMOD	-	-
2	mideast	mideast	NNP	NNP	-	3	NMOD	-	-
3	war	war	NNP	NNP	-	4	SUB	-	-
4	will	will	MD	MD	-	0	ROOT	-	-
5	affect	affect	VB	VB	-	4	VC	-	-
6	negotiations	negotiations	NNS	NNS	-	5	OBJ	-	-
7	in	in	IN	IN	-	6	NMOD	-	-
8	ways	ways	NNS	NNS	-	7	PMOD	-	-
9	not	not	RB	RB	-	11	VMOD	-	-
10	yet	yet	RB	RB	-	9	AMOD	-	-
11	foreseen	foreseen	VBN	VBN	-	8	NMOD	-	-
12	.	.	.	.	-	4	P	-	-

1	as	as	IN	IN	-	13	VMOD	-	-
2	a	a	DT	DT	-	3	NMOD	-	-
3	result	result	NN	NN	-	1	PMOD	-	-
4	of	of	IN	IN	-	3	NMOD	-	-
5	the	the	DT	DT	-	6	NMOD	-	-
6	war	war	NN	NN	-	4	PMOD	-	-
7	,	,	,	,	-	13	P	-	-
8	a	a	DT	DT	-	10	NMOD	-	-
9	growing	growing	VBG	VBG	-	10	NMOD	-	-
10	percentage	percentage	NN	NN	-	13	SUB	-	-
11	of	of	IN	IN	-	10	NMOD	-	-
12	muslims	muslims	NNP	NNP	-	11	PMOD	-	-
13	see	see	VBP	VBP	-	0	ROOT	-	-
14	serious	serious	JJ	JJ	-	15	NMOD	-	-
15	threats	threats	NNS	NNS	-	13	OBJ	-	-
16	to	to	TO	TO	-	15	NMOD	-	-
17	islam	islam	NNP	NNP	-	16	PMOD	-	-
18	.	.	.	.	-	13	P	-	-

1	the	the	DT	DT	-	2	NMOD	-	-
2	bulk	bulk	NN	NN	-	6	SUB	-	-
3	of	of	IN	IN	-	2	NMOD	-	-
4	the	the	DT	DT	-	5	NMOD	-	-
5	cancer	cancer	NN	NN	-	3	PMOD	-	-
6	had	had	VBD	VBD	-	0	ROOT	-	-
7	been	been	VBN	VBN	-	6	VC	-	-
8	caused	caused	VBN	VBN	-	7	VC	-	-
9	by	by	IN	IN	-	8	VMOD	-	-
10	smoking	smoking	NN	NN	-	11	NMOD	-	-
11	cigarettes	cigarettes	NNS	NNS	-	9	PMOD	-	-
12	.	.	.	.	-	6	P	-	-

1	we	we	PRP	PRP	-	2	SUB	-	-
2	can	can	MD	MD	-	0	ROOT	-	-
3	be	be	VB	VB	-	2	VC	-	-
4	proud	proud	JJ	JJ	-	3	PRD	-	-
5	of	of	IN	IN	-	4	AMOD	-	-
6	the	the	DT	DT	-	8	NMOD	-	-
7	increased	increased	JJ	JJ	-	8	NMOD	-	-
8	funding	funding	NN	NN	-	5	PMOD	-	-
9	for	for	IN	IN	-	8	NMOD	-	-
10	wic	wic	NNP	NNP	-	9	PMOD	-	-
11	in	in	IN	IN	-	8	NMOD	-	-
12	this	this	DT	DT	-	13	NMOD	-	-
13	bill	bill	NN	NN	-	11	PMOD	-	-
14	,	,	,	,	-	3	P	-	-
15	funding	funding	VBG	VBG	-	3	VMOD	-	-
16	that	that	WDT	WDT	-	15	VMOD	-	-
17	will	will	MD	MD	-	16	SBAR	-	-
18	help	help	VB	VB	-	17	VC	-	-
19	low-income	low-income	JJ	JJ	-	23	NMOD	-	-
20	pregnant	pregnant	JJ	JJ	-	23	NMOD	-	-
21	mothers	mothers	NNS	NNS	-	23	NMOD	-	-
22	and	and	CC	CC	-	23	NMOD	-	-
23	newborns	newborns	NNS	NNS	-	24	SUB	-	-
24	receive	receive	VBP	VBP	-	18	VMOD	-	-
25	the	the	DT	DT	-	27	NMOD	-	-
26	healthy	healthy	JJ	JJ	-	27	NMOD	-	-
27	food	food	NN	NN	-	24	OBJ	-	-
28	that	that	IN	IN	-	27	NMOD	-	-
29	they	they	PRP	PRP	-	30	SUB	-	-
30	need	need	VBP	VBP	-	28	SBAR	-	-
31	.	.	.	.	-	2	P	-	-

1	i	i	PRP	PRP	-	2	SUB	-	-
2	think	think	VBP	VBP	-	0	ROOT	-	-
3	that	that	IN	IN	-	2	VMOD	-	-
4	earthquakes	earthquakes	NNS	NNS	-	5	SUB	-	-
5	are	are	VBP	VBP	-	3	SBAR	-	-
6	likely	likely	JJ	JJ	-	5	PRD	-	-
7	to	to	TO	TO	-	8	VMOD	-	-
8	harm	harm	VB	VB	-	6	AMOD	-	-
9	important	important	JJ	JJ	-	10	NMOD	-	-
10	infra-structure	infra-structure	NN	NN	-	8	OBJ	-	-
11	.	.	.	.	-	2	P	-	-

1	the	the	DT	DT	-	2	NMOD	-	-
2	co2	co2	NN	NN	-	5	SUB	-	-
3	from	from	IN	IN	-	2	NMOD	-	-
4	cars	cars	NNS	NNS	-	3	PMOD	-	-
5	is	is	VBZ	VBZ	-	0	ROOT	-	-
6	harming	harming	VBG	VBG	-	5	VC	-	-
7	the	the	DT	DT	-	8	NMOD	-	-
8	climate	climate	NN	NN	-	6	OBJ	-	-
9	.	.	.	.	-	5	P	-	-

1	nuclear	nuclear	JJ	JJ	-	2	NMOD	-	-
2	proliferation	proliferation	NN	NN	-	4	SUB	-	-
3	likely	likely	RB	RB	-	4	VMOD	-	-
4	weakens	weakens	VBZ	VBZ	-	0	ROOT	-	-
5	world	world	NN	NN	-	6	NMOD	-	-
6	peace	peace	NN	NN	-	4	OBJ	-	-
7	.	.	.	.	-	4	P	-	-

